2025_ID37295,pointsbet,https://pointsbet.com.au/sports/aussie-rules/AFL/2394416 -> RuntimeError: [WinError 2] The system cannot find the file specified
2025_ID37292,sportsbet,https://www.sportsbet.com.au/betting/australian-rules/afl/richmond-v-geelong-cats-9504816 -> RuntimeError: [WinError 2] The system cannot find the file specified
2025_ID37292,pointsbet,https://pointsbet.com.au/sports/aussie-rules/AFL/2390970 -> RuntimeError: [WinError 2] The system cannot find the file specified
2025_ID37296,sportsbet,https://www.sportsbet.com.au/betting/australian-rules/afl/west-coast-eagles-v-sydney-swans-9504818 -> RuntimeError: [WinError 2] The system cannot find the file specified
2025_ID37296,pointsbet,https://pointsbet.com.au/sports/aussie-rules/AFL/2391223 -> RuntimeError: [WinError 2] The system cannot find the file specified
2025_ID37288,pointsbet,https://pointsbet.com.au/sports/aussie-rules/AFL/2391951 -> RuntimeError: [WinError 2] The system cannot find the file specified
2025_ID37290,sportsbet,https://www.sportsbet.com.au/betting/australian-rules/afl/western-bulldogs-v-fremantle-9504846 -> RuntimeError: [WinError 2] The system cannot find the file specified
2025_ID37290,pointsbet,https://pointsbet.com.au/sports/aussie-rules/AFL/2391965 -> RuntimeError: [WinError 2] The system cannot find the file specified
2025_ID37092,sportsbet,https://www.sportsbet.com.au/betting/australian-rules/afl/gold-coast-suns-v-essendon-9504866 -> RuntimeError: [WinError 2] The system cannot find the file specified
2025_ID37294,sportsbet,https://www.sportsbet.com.au/betting/australian-rules/afl/brisbane-lions-v-hawthorn-9504847 -> RuntimeError: [WinError 2] The system cannot find the file specified
2025_ID37294,pointsbet,https://pointsbet.com.au/sports/aussie-rules/AFL/2392201 -> RuntimeError: [WinError 2] The system cannot find the file specified
2025_ID37092,pointsbet,https://pointsbet.com.au/sports/aussie-rules/AFL/2394416 -> RuntimeError: [WinError 2] The system cannot find the file specified
2025_ID37315,pointsbet,https://pointsbet.com.au/sports/aussie-rules/AFL/2391965 -> RuntimeError: [WinError 2] The system cannot find the file specified
2025_ID37315,sportsbet,https://www.sportsbet.com.au/betting/australian-rules/afl/west-coast-eagles-v-sydney-swans-9504818 -> RuntimeError: [WinError 2] The system cannot find the file specified
2025_ID37316,sportsbet,https://www.sportsbet.com.au/betting/australian-rules/afl/west-coast-eagles-v-sydney-swans-9504818 -> RuntimeError: [WinError 2] The system cannot find the file specified
2025_ID37316,pointsbet,https://pointsbet.com.au/sports/aussie-rules/AFL/2391965 -> RuntimeError: [WinError 2] The system cannot find the file specified
2025_ID37317,sportsbet,https://www.sportsbet.com.au/betting/australian-rules/afl/west-coast-eagles-v-sydney-swans-9504818 -> RuntimeError: [WinError 2] The system cannot find the file specified
2025_ID37318,sportsbet,https://www.sportsbet.com.au/betting/australian-rules/afl/west-coast-eagles-v-sydney-swans-9504818 -> RuntimeError: [WinError 2] The system cannot find the file specified
2025_ID37317,pointsbet,https://pointsbet.com.au/sports/aussie-rules/AFL/2391965 -> RuntimeError: [WinError 2] The system cannot find the file specified
2025_ID37318,pointsbet,https://pointsbet.com.au/sports/aussie-rules/AFL/2391965 -> RuntimeError: [WinError 2] The system cannot find the file specified
2025_ID37319,sportsbet,https://www.sportsbet.com.au/betting/australian-rules/afl/west-coast-eagles-v-sydney-swans-9504818 -> RuntimeError: [WinError 2] The system cannot find the file specified
2025_ID37319,pointsbet,https://pointsbet.com.au/sports/aussie-rules/AFL/2391965 -> RuntimeError: [WinError 2] The system cannot find the file specified
2025_ID37320,sportsbet,https://www.sportsbet.com.au/betting/australian-rules/afl/west-coast-eagles-v-sydney-swans-9504818 -> RuntimeError: [WinError 2] The system cannot find the file specified
2025_ID37320,pointsbet,https://pointsbet.com.au/sports/aussie-rules/AFL/2391965 -> RuntimeError: [WinError 2] The system cannot find the file specified
2025_ID37321,sportsbet,https://www.sportsbet.com.au/betting/australian-rules/afl/west-coast-eagles-v-sydney-swans-9504818 -> RuntimeError: [WinError 2] The system cannot find the file specified
2025_ID37321,pointsbet,https://pointsbet.com.au/sports/aussie-rules/AFL/2391965 -> RuntimeError: [WinError 2] The system cannot find the file specified
2025_ID37322,sportsbet,https://www.sportsbet.com.au/betting/australian-rules/afl/west-coast-eagles-v-sydney-swans-9504818 -> RuntimeError: [WinError 2] The system cannot find the file specified
2025_ID37322,pointsbet,https://pointsbet.com.au/sports/aussie-rules/AFL/2391965 -> RuntimeError: [WinError 2] The system cannot find the file specified
